2006 095 00 00 00.000    0.155  382.882    0.000
2006 100 00 00 00.000    0.149  381.503    0.001
2006 105 00 00 00.000    0.143  379.861    0.001
2006 110 00 00 00.000    0.137  377.973    0.002
2006 115 00 00 00.000    0.132  375.827    0.001
2006 120 00 00 00.000    0.128  373.412    0.001
2006 125 00 00 00.000    0.125  371.005    0.001
2006 130 00 00 00.000    0.122  368.338    0.001
2006 135 00 00 00.000    0.120  365.593    0.000
2006 140 00 00 00.000    0.120  362.949    0.002
2006 145 00 00 00.000    0.121  360.611    0.001
2006 150 00 00 00.000    0.123  358.452    0.001
2006 155 00 00 00.000    0.127  356.695    0.002
2006 160 00 00 00.000    0.132  355.386    0.001
2006 165 00 00 00.000    0.137  354.731    0.001
2006 170 00 00 00.000    0.144  354.629    0.001
2006 175 00 00 00.000    0.151  354.823    0.000
2006 180 00 00 00.000    0.159  355.394    0.001
2006 185 00 00 00.000    0.170  356.524    0.002
2006 190 00 00 00.000    0.178  357.664   -0.000
2006 195 00 00 00.000    0.188  359.004    0.001
2006 200 00 00 00.000    0.200  360.254    0.000
2006 205 00 00 00.000    0.213  361.382    0.000
2006 210 00 00 00.000    0.226  362.442    0.001
2006 215 00 00 00.000    0.241  363.468    0.001
2006 220 00 00 00.000    0.257  364.328    0.001
2006 225 00 00 00.000    0.271  365.443    0.001
2006 230 00 00 00.000    0.284  366.627    0.001
2006 235 00 00 00.000    0.298  367.446    0.001
2006 240 00 00 00.000    0.314  368.103    0.002
2006 245 00 00 00.000    0.326  369.006    0.002
2006 250 00 00 00.000    0.339  369.506    0.002
2006 255 00 00 00.000    0.351  370.091    0.002
2006 260 00 00 00.000    0.363  370.592    0.001
2006 265 00 00 00.000    0.374  371.074    0.002
2006 270 00 00 00.000    0.385  371.329    0.001
2006 275 00 00 00.000    0.395  371.759    0.002
2006 280 00 00 00.000    0.404  372.160    0.001
2006 285 00 00 00.000    0.411  372.350    0.003
2006 290 00 00 00.000    0.417  372.652    0.002
2006 295 00 00 00.000    0.422  372.949    0.000
2006 300 00 00 00.000    0.428  372.953    0.002
2006 305 00 00 00.000    0.432  373.140    0.002
2006 310 00 00 00.000    0.432  373.063    0.002
2006 315 00 00 00.000    0.432  373.161    0.001
2006 320 00 00 00.000    0.434  372.914    0.003
2006 325 00 00 00.000    0.431  372.743    0.001
2006 330 00 00 00.000    0.425  372.645   -0.000
2006 335 00 00 00.000    0.421  372.456    0.000
2006 340 00 00 00.000    0.419  372.169   -0.000
2006 345 00 00 00.000    0.416  371.753   -0.002
2006 350 00 00 00.000    0.413  371.305   -0.002
2006 355 00 00 00.000    0.407  370.835   -0.000
2006 360 00 00 00.000    0.401  370.298   -0.002
2006 365 00 00 00.000    0.397  369.636   -0.002
2007 005 00 00 00.000    0.392  368.801   -0.003
2007 010 00 00 00.000    0.388  368.152   -0.002
2007 015 00 00 00.000    0.385  367.293   -0.003
2007 020 00 00 00.000    0.381  366.396   -0.004
2007 025 00 00 00.000    0.381  365.684   -0.003
2007 030 00 00 00.000    0.380  364.990   -0.004
2007 035 00 00 00.000    0.381  364.179   -0.002
2007 040 00 00 00.000    0.384  363.228   -0.002
2007 045 00 00 00.000    0.386  362.589   -0.003
2007 050 00 00 00.000    0.392  362.050   -0.003
2007 055 00 00 00.000    0.399  361.703   -0.004
2007 060 00 00 00.000    0.409  361.187   -0.004
2007 065 00 00 00.000    0.418  361.011   -0.003
2007 070 00 00 00.000    0.421  360.713   -0.004
2007 075 00 00 00.000    0.425  360.488   -0.003
2007 080 00 00 00.000    0.431  360.293   -0.003
2007 085 00 00 00.000    0.435  360.104   -0.002
2007 090 00 00 00.000    0.440  359.957   -0.002
2007 095 00 00 00.000    0.446  359.931   -0.001
2007 100 00 00 00.000    0.451  360.030   -0.001
2007 105 00 00 00.000    0.458  360.330   -0.001
2007 110 00 00 00.000    0.461  360.692   -0.000
2007 115 00 00 00.000    0.464  360.915   -0.001
2007 120 00 00 00.000    0.468  361.113   -0.001
2007 125 00 00 00.000    0.468  361.512   -0.000
2007 130 00 00 00.000    0.467  361.621   -0.002
2007 135 00 00 00.000    0.468  362.114   -0.001
2007 140 00 00 00.000    0.474  362.326   -0.001
2007 145 00 00 00.000    0.467  362.637   -0.001
2007 150 00 00 00.000    0.461  362.941   -0.001
2007 155 00 00 00.000    0.455  363.125   -0.001
2007 160 00 00 00.000    0.446  363.473   -0.002
2007 165 00 00 00.000    0.446  363.846   -0.001
2007 170 00 00 00.000    0.444  364.036   -0.000
2007 175 00 00 00.000    0.429  364.346   -0.002
2007 180 00 00 00.000    0.415  364.638   -0.002
2007 185 00 00 00.000    0.397  364.647   -0.002
2007 190 00 00 00.000    0.382  364.705   -0.003
2007 195 00 00 00.000    0.363  364.811   -0.003
2007 200 00 00 00.000    0.344  364.405   -0.002
2007 205 00 00 00.000    0.329  363.813   -0.002
2007 210 00 00 00.000    0.315  362.978   -0.002
2007 215 00 00 00.000    0.299  362.186   -0.001
2007 220 00 00 00.000    0.286  361.495   -0.001
2007 225 00 00 00.000    0.276  360.961   -0.001
2007 230 00 00 00.000    0.272  360.187   -0.003
2007 235 00 00 00.000    0.266  359.138   -0.001
2007 240 00 00 00.000    0.262  358.652   -0.000
2007 245 00 00 00.000    0.259  358.098   -0.002
2007 250 00 00 00.000    0.260  357.011   -0.001
2007 255 00 00 00.000    0.263  356.526   -0.000
2007 260 00 00 00.000    0.266  356.102    0.000
2007 265 00 00 00.000    0.273  355.369    0.000
2007 270 00 00 00.000    0.282  355.048    0.001
2007 275 00 00 00.000    0.290  354.625   -0.001
2007 280 00 00 00.000    0.297  353.767    0.001
2007 285 00 00 00.000    0.307  352.684   -0.000
2007 290 00 00 00.000    0.319  351.617   -0.000
2007 295 00 00 00.000    0.332  350.683    0.000
2007 300 00 00 00.000    0.346  349.808    0.000
2007 305 00 00 00.000    0.359  348.825   -0.001
2007 310 00 00 00.000    0.370  347.905    0.000
2007 315 00 00 00.000    0.381  347.454    0.001
2007 320 00 00 00.000    0.392  346.836    0.000
2007 325 00 00 00.000    0.404  346.495   -0.000
2007 330 00 00 00.000    0.412  345.986    0.001
2007 335 00 00 00.000    0.423  345.796   -0.000
2007 340 00 00 00.000    0.429  345.659    0.001
2007 345 00 00 00.000    0.433  345.681    0.001
2007 350 00 00 00.000    0.434  345.913    0.000
2007 355 00 00 00.000    0.434  346.148    0.001
2007 360 00 00 00.000    0.435  346.411    0.001
2007 365 00 00 00.000    0.432  346.933   -0.002
2008 005 00 00 00.000    0.429  347.444   -0.000
2008 010 00 00 00.000    0.422  348.300    0.001
2008 015 00 00 00.000    0.408  349.025   -0.001
2008 020 00 00 00.000    0.403  349.919    0.000
2008 025 00 00 00.000    0.397  350.625    0.000
2008 030 00 00 00.000    0.388  351.494    0.001
2008 035 00 00 00.000    0.380  352.372    0.001
2008 040 00 00 00.000    0.366  353.132    0.001
2008 045 00 00 00.000    0.354  353.814    0.001
2008 050 00 00 00.000    0.347  354.712    0.001
2008 055 00 00 00.000    0.344  355.350   -0.000
2008 060 00 00 00.000    0.342  356.014    0.000
2008 065 00 00 00.000    0.340  356.768    0.000
2008 070 00 00 00.000    0.338  357.456   -0.000
2008 075 00 00 00.000    0.337  358.059   -0.000
2008 080 00 00 00.000    0.336  358.714   -0.001
2008 085 00 00 00.000    0.336  359.171   -0.001
2008 090 00 00 00.000    0.337  359.567   -0.000
2008 095 00 00 00.000    0.338  359.916    0.000
2008 100 00 00 00.000    0.340  359.987   -0.000
2008 105 00 00 00.000    0.338  360.018    0.001
2008 110 00 00 00.000    0.339  359.772   -0.001
2008 115 00 00 00.000    0.342  359.460    0.000
2008 120 00 00 00.000    0.345  358.726    0.001
2008 125 00 00 00.000    0.347  357.999   -0.000
2008 130 00 00 00.000    0.350  357.357   -0.000
2008 135 00 00 00.000    0.354  356.569   -0.001
2008 140 00 00 00.000    0.357  356.178    0.000
2008 145 00 00 00.000    0.358  355.954   -0.001
2008 150 00 00 00.000    0.360  355.763    0.001
2008 155 00 00 00.000    0.360  355.975   -0.000
2008 160 00 00 00.000    0.361  356.375   -0.000
2008 165 00 00 00.000    0.361  356.741    0.001
2008 170 00 00 00.000    0.360  357.493   -0.000
2008 175 00 00 00.000    0.360  358.039   -0.001
2008 180 00 00 00.000    0.359  359.132    0.001
2008 185 00 00 00.000    0.359  359.978   -0.000
2008 190 00 00 00.000    0.358  361.164   -0.000
2008 195 00 00 00.000    0.358  362.198    0.000
2008 200 00 00 00.000    0.356  363.248   -0.001
2008 205 00 00 00.000    0.355  364.272   -0.000
2008 210 00 00 00.000    0.353  365.258    0.001
2008 215 00 00 00.000    0.354  366.008    0.000
2008 220 00 00 00.000    0.354  366.613   -0.001
2008 225 00 00 00.000    0.354  367.110    0.001
2008 230 00 00 00.000    0.356  367.496   -0.001
2008 235 00 00 00.000    0.358  367.816   -0.001
2008 240 00 00 00.000    0.360  367.822    0.001
2008 245 00 00 00.000    0.360  367.747    0.000
2008 250 00 00 00.000    0.360  367.490   -0.002
2008 255 00 00 00.000    0.361  367.080   -0.001
2008 260 00 00 00.000    0.362  366.667   -0.002
2008 265 00 00 00.000    0.363  366.149   -0.001
2008 270 00 00 00.000    0.364  365.599   -0.001
2008 275 00 00 00.000    0.364  364.921   -0.001
2008 280 00 00 00.000    0.364  364.214   -0.002
2008 285 00 00 00.000    0.364  363.450   -0.002
2008 290 00 00 00.000    0.364  362.724   -0.001
2008 295 00 00 00.000    0.363  361.922    0.001
2008 300 00 00 00.000    0.364  361.201    0.000
2008 305 00 00 00.000    0.362  360.264   -0.000
2008 310 00 00 00.000    0.362  359.437    0.000
2008 315 00 00 00.000    0.361  358.653    0.001
2008 320 00 00 00.000    0.363  357.835    0.002
2008 325 00 00 00.000    0.366  357.069    0.001
2008 330 00 00 00.000    0.362  356.273    0.001
2008 335 00 00 00.000    0.360  355.662    0.001
2008 340 00 00 00.000    0.357  354.974   -0.000
2008 345 00 00 00.000    0.354  354.417    0.001
2008 350 00 00 00.000    0.352  354.069    0.001
2008 355 00 00 00.000    0.351  353.710    0.002
2008 360 00 00 00.000    0.349  353.587    0.000
2008 365 00 00 00.000    0.347  353.651    0.001
2009 004 00 00 00.000    0.346  353.839    0.001
2009 009 00 00 00.000    0.346  354.002    0.001
2009 014 00 00 00.000    0.346  354.245   -0.001
2009 019 00 00 00.000    0.346  354.546    0.001
2009 024 00 00 00.000    0.348  354.895    0.001
2009 029 00 00 00.000    0.350  355.348   -0.001
2009 034 00 00 00.000    0.352  355.833    0.001
2009 039 00 00 00.000    0.356  355.942   -0.000
2009 044 00 00 00.000    0.361  356.435    0.000
2009 049 00 00 00.000    0.366  356.307   -0.000
2009 054 00 00 00.000    0.372  356.644   -0.001
2009 059 00 00 00.000    0.379  356.377    0.001
2009 064 00 00 00.000    0.384  356.451   -0.001
2009 069 00 00 00.000    0.391  356.065   -0.002
2009 074 00 00 00.000    0.398  355.735    0.000
2009 079 00 00 00.000    0.405  355.434   -0.001
2009 084 00 00 00.000    0.412  355.064   -0.002
2009 089 00 00 00.000    0.418  354.860   -0.001
2009 094 00 00 00.000    0.426  354.370   -0.001
2009 099 00 00 00.000    0.432  354.174   -0.003
2009 104 00 00 00.000    0.440  354.062   -0.001
2009 109 00 00 00.000    0.443  353.831   -0.001
2009 114 00 00 00.000    0.447  353.714   -0.002
2009 119 00 00 00.000    0.451  353.511   -0.002
2009 124 00 00 00.000    0.453  353.437   -0.002
2009 129 00 00 00.000    0.454  353.356   -0.000
2009 134 00 00 00.000    0.455  353.155   -0.000
2009 139 00 00 00.000    0.454  353.328   -0.002
2009 144 00 00 00.000    0.455  353.038   -0.001
2009 149 00 00 00.000    0.451  352.982   -0.001
2009 154 00 00 00.000    0.448  352.986   -0.000
2009 159 00 00 00.000    0.445  353.114   -0.001
2009 164 00 00 00.000    0.441  353.108   -0.001
2009 169 00 00 00.000    0.433  353.451   -0.001
2009 174 00 00 00.000    0.425  353.479   -0.001
2009 179 00 00 00.000    0.415  353.695    0.000
2009 184 00 00 00.000    0.405  353.863   -0.001
2009 189 00 00 00.000    0.396  353.865   -0.001
2009 194 00 00 00.000    0.381  354.051   -0.000
2009 199 00 00 00.000    0.365  354.293   -0.001
2009 204 00 00 00.000    0.363  354.627   -0.001
2009 209 00 00 00.000    0.359  354.913   -0.001
2009 214 00 00 00.000    0.349  355.237    0.001
2009 219 00 00 00.000    0.338  355.912   -0.002
2009 224 00 00 00.000    0.327  356.653   -0.002
2009 229 00 00 00.000    0.317  357.498   -0.003
2009 234 00 00 00.000    0.307  358.546   -0.000
2009 239 00 00 00.000    0.299  359.639   -0.000
2009 244 00 00 00.000    0.291  360.887   -0.001
2009 249 00 00 00.000    0.281  362.148   -0.001
2009 254 00 00 00.000    0.273  363.588   -0.000
2009 259 00 00 00.000    0.266  364.964   -0.001
