2004 256 00 00 00.000    0.558  358.931    0.000
2004 261 00 00 00.000    0.572  358.814    0.000
2004 266 00 00 00.000    0.575  358.721    0.001
2004 271 00 00 00.000    0.573  358.559    0.001
2004 276 00 00 00.000    0.572  358.386    0.002
2004 281 00 00 00.000    0.569  358.218    0.001
2004 286 00 00 00.000    0.566  358.097    0.001
2004 291 00 00 00.000    0.561  357.953   -0.000
2004 296 00 00 00.000    0.556  357.778   -0.000
2004 301 00 00 00.000    0.552  357.721    0.000
2004 306 00 00 00.000    0.546  357.563    0.000
2004 311 00 00 00.000    0.530  357.398   -0.001
2004 316 00 00 00.000    0.515  357.239    0.001
2004 321 00 00 00.000    0.510  357.108    0.001
2004 326 00 00 00.000    0.506  357.131    0.000
2004 331 00 00 00.000    0.503  357.092   -0.000
2004 336 00 00 00.000    0.501  356.945   -0.000
2004 341 00 00 00.000    0.500  356.867    0.001
2004 346 00 00 00.000    0.498  356.894    0.001
2004 351 00 00 00.000    0.497  356.804    0.001
2004 356 00 00 00.000    0.496  356.594   -0.000
2004 361 00 00 00.000    0.496  356.454    0.001
2004 366 00 00 00.000    0.498  356.413    0.001
2005 005 00 00 00.000    0.499  356.343   -0.000
2005 010 00 00 00.000    0.500  356.249    0.001
2005 015 00 00 00.000    0.501  356.264    0.000
2005 020 00 00 00.000    0.503  356.373    0.001
2005 025 00 00 00.000    0.506  356.459    0.001
2005 030 00 00 00.000    0.509  356.564    0.000
2005 035 00 00 00.000    0.512  356.783   -0.000
2005 040 00 00 00.000    0.514  357.020    0.001
2005 045 00 00 00.000    0.516  357.188   -0.000
2005 050 00 00 00.000    0.516  357.314   -0.001
2005 055 00 00 00.000    0.517  357.391   -0.000
2005 060 00 00 00.000    0.520  357.487   -0.001
2005 065 00 00 00.000    0.524  357.599   -0.002
2005 070 00 00 00.000    0.528  357.858   -0.001
2005 075 00 00 00.000    0.531  358.077   -0.000
2005 080 00 00 00.000    0.535  358.259   -0.001
2005 085 00 00 00.000    0.537  358.577   -0.001
2005 090 00 00 00.000    0.540  358.779   -0.000
2005 095 00 00 00.000    0.542  359.045   -0.002
2005 100 00 00 00.000    0.544  359.261   -0.001
2005 105 00 00 00.000    0.546  359.432   -0.000
2005 110 00 00 00.000    0.547  359.562   -0.001
2005 115 00 00 00.000    0.547  359.676   -0.000
2005 120 00 00 00.000    0.547  359.690    0.000
2005 125 00 00 00.000    0.546  359.704    0.000
2005 130 00 00 00.000    0.539  359.730    0.001
2005 135 00 00 00.000    0.529  359.666    0.001
2005 140 00 00 00.000    0.524  359.638    0.000
2005 145 00 00 00.000    0.524  359.586    0.000
2005 150 00 00 00.000    0.520  359.603   -0.000
2005 155 00 00 00.000    0.516  359.532    0.000
2005 160 00 00 00.000    0.513  359.431   -0.000
2005 165 00 00 00.000    0.509  359.313    0.001
2005 170 00 00 00.000    0.505  359.166    0.001
2005 175 00 00 00.000    0.503  359.022    0.000
2005 180 00 00 00.000    0.500  358.854    0.001
2005 185 00 00 00.000    0.496  358.700    0.001
2005 190 00 00 00.000    0.495  358.622   -0.000
2005 195 00 00 00.000    0.492  358.536   -0.000
2005 200 00 00 00.000    0.491  358.479    0.000
2005 205 00 00 00.000    0.490  358.430    0.000
2005 210 00 00 00.000    0.489  358.414    0.001
2005 215 00 00 00.000    0.489  358.481    0.000
2005 220 00 00 00.000    0.490  358.593    0.000
2005 225 00 00 00.000    0.492  358.696   -0.001
2005 230 00 00 00.000    0.495  358.936    0.000
2005 235 00 00 00.000    0.497  359.259   -0.001
2005 240 00 00 00.000    0.500  359.599   -0.001
2005 245 00 00 00.000    0.503  359.883    0.001
2005 250 00 00 00.000    0.506  360.101    0.000
2005 255 00 00 00.000    0.509  360.324    0.001
2005 260 00 00 00.000    0.511  360.524    0.001
2005 265 00 00 00.000    0.513  360.623    0.000
2005 270 00 00 00.000    0.516  360.669    0.001
2005 275 00 00 00.000    0.518  360.734   -0.000
2005 280 00 00 00.000    0.519  360.839   -0.000
2005 285 00 00 00.000    0.521  360.860    0.001
2005 290 00 00 00.000    0.520  360.905    0.001
2005 295 00 00 00.000    0.519  360.970    0.000
2005 300 00 00 00.000    0.518  361.001    0.001
2005 305 00 00 00.000    0.515  361.060    0.001
2005 310 00 00 00.000    0.512  361.148   -0.000
2005 315 00 00 00.000    0.508  361.272   -0.000
2005 320 00 00 00.000    0.504  361.320    0.000
2005 325 00 00 00.000    0.500  361.354   -0.000
2005 330 00 00 00.000    0.496  361.342    0.000
2005 335 00 00 00.000    0.491  361.294    0.001
2005 340 00 00 00.000    0.485  361.167    0.001
2005 345 00 00 00.000    0.480  361.035    0.001
2005 350 00 00 00.000    0.474  360.945    0.000
2005 355 00 00 00.000    0.467  360.845   -0.000
2005 360 00 00 00.000    0.461  360.775   -0.000
2005 365 00 00 00.000    0.455  360.692    0.000
2006 005 00 00 00.000    0.449  360.639   -0.001
2006 010 00 00 00.000    0.441  360.676   -0.002
2006 015 00 00 00.000    0.435  360.596    0.000
2006 020 00 00 00.000    0.428  360.460   -0.000
2006 025 00 00 00.000    0.425  360.282   -0.000
2006 030 00 00 00.000    0.421  360.134   -0.001
2006 035 00 00 00.000    0.419  359.983   -0.000
2006 040 00 00 00.000    0.416  359.925   -0.001
2006 045 00 00 00.000    0.414  359.803   -0.002
2006 050 00 00 00.000    0.412  359.730   -0.001
2006 055 00 00 00.000    0.409  359.631   -0.001
2006 060 00 00 00.000    0.406  359.541   -0.001
2006 065 00 00 00.000    0.403  359.507   -0.001
2006 070 00 00 00.000    0.399  359.426   -0.001
2006 075 00 00 00.000    0.397  359.424    0.001
2006 080 00 00 00.000    0.394  359.384   -0.001
2006 085 00 00 00.000    0.390  359.372   -0.000
2006 090 00 00 00.000    0.386  359.484   -0.000
2006 095 00 00 00.000    0.381  359.292   -0.001
2006 100 00 00 00.000    0.376  359.175   -0.000
2006 105 00 00 00.000    0.370  359.047    0.000
2006 110 00 00 00.000    0.365  358.740    0.001
2006 115 00 00 00.000    0.358  358.541    0.000
2006 120 00 00 00.000    0.352  358.306   -0.000
2006 125 00 00 00.000    0.345  358.230    0.000
2006 130 00 00 00.000    0.337  357.979    0.000
2006 135 00 00 00.000    0.330  357.988   -0.001
2006 140 00 00 00.000    0.324  357.916    0.001
2006 145 00 00 00.000    0.318  358.101    0.000
2006 150 00 00 00.000    0.312  358.084   -0.000
2006 155 00 00 00.000    0.307  358.238    0.000
2006 160 00 00 00.000    0.301  358.404   -0.001
2006 165 00 00 00.000    0.297  358.680   -0.001
2006 170 00 00 00.000    0.295  359.001   -0.000
2006 175 00 00 00.000    0.291  359.392   -0.001
2006 180 00 00 00.000    0.288  359.697    0.000
2006 185 00 00 00.000    0.286  360.125    0.000
2006 190 00 00 00.000    0.284  360.647   -0.001
2006 195 00 00 00.000    0.284  361.207    0.001
2006 200 00 00 00.000    0.282  361.833   -0.001
2006 205 00 00 00.000    0.281  362.374   -0.001
2006 210 00 00 00.000    0.280  362.931   -0.001
2006 215 00 00 00.000    0.280  363.602   -0.001
2006 220 00 00 00.000    0.280  364.219   -0.001
2006 225 00 00 00.000    0.280  364.902   -0.002
2006 230 00 00 00.000    0.279  365.335   -0.002
2006 235 00 00 00.000    0.280  365.969   -0.001
2006 240 00 00 00.000    0.280  366.493   -0.001
2006 245 00 00 00.000    0.278  367.074   -0.001
2006 250 00 00 00.000    0.278  367.413    0.001
2006 255 00 00 00.000    0.279  367.846   -0.000
2006 260 00 00 00.000    0.280  368.248   -0.001
2006 265 00 00 00.000    0.280  368.774   -0.000
2006 270 00 00 00.000    0.281  368.959   -0.001
2006 275 00 00 00.000    0.282  369.301   -0.001
2006 280 00 00 00.000    0.283  369.446   -0.001
2006 285 00 00 00.000    0.284  369.484    0.001
2006 290 00 00 00.000    0.286  369.404    0.000
2006 295 00 00 00.000    0.289  369.258   -0.001
2006 300 00 00 00.000    0.292  369.070    0.001
2006 305 00 00 00.000    0.293  368.841    0.001
2006 310 00 00 00.000    0.296  368.369    0.001
2006 315 00 00 00.000    0.296  368.058   -0.000
2006 320 00 00 00.000    0.296  367.592    0.001
2006 325 00 00 00.000    0.297  367.000   -0.000
2006 330 00 00 00.000    0.296  366.697   -0.000
2006 335 00 00 00.000    0.296  366.133    0.001
2006 340 00 00 00.000    0.299  365.886    0.001
2006 345 00 00 00.000    0.298  365.478   -0.000
2006 350 00 00 00.000    0.298  365.382   -0.000
2006 355 00 00 00.000    0.297  364.981    0.001
2006 360 00 00 00.000    0.297  364.770   -0.000
2006 365 00 00 00.000    0.298  364.386   -0.000
2007 005 00 00 00.000    0.301  364.226   -0.000
2007 010 00 00 00.000    0.304  363.937   -0.000
2007 015 00 00 00.000    0.306  363.659   -0.002
2007 020 00 00 00.000    0.311  363.327   -0.002
2007 025 00 00 00.000    0.315  362.958   -0.001
2007 030 00 00 00.000    0.317  362.771   -0.001
2007 035 00 00 00.000    0.316  362.383   -0.000
2007 040 00 00 00.000    0.315  361.968   -0.001
2007 045 00 00 00.000    0.315  361.661   -0.001
2007 050 00 00 00.000    0.316  360.806   -0.001
2007 055 00 00 00.000    0.321  360.087   -0.002
2007 060 00 00 00.000    0.326  359.520   -0.002
2007 065 00 00 00.000    0.330  359.175    0.000
2007 070 00 00 00.000    0.330  358.886   -0.002
2007 075 00 00 00.000    0.328  358.517   -0.001
2007 080 00 00 00.000    0.330  358.178   -0.002
2007 085 00 00 00.000    0.334  357.989   -0.002
2007 090 00 00 00.000    0.340  358.227   -0.002
2007 095 00 00 00.000    0.349  358.647   -0.003
2007 100 00 00 00.000    0.352  358.412   -0.002
2007 105 00 00 00.000    0.356  357.466   -0.002
2007 110 00 00 00.000    0.358  357.847   -0.001
2007 115 00 00 00.000    0.368  358.496   -0.002
2007 120 00 00 00.000    0.372  358.408   -0.002
2007 125 00 00 00.000    0.374  358.340   -0.001
2007 130 00 00 00.000    0.383  359.131   -0.003
2007 135 00 00 00.000    0.389  359.423   -0.002
2007 140 00 00 00.000    0.400  359.750   -0.002
2007 145 00 00 00.000    0.405  360.073   -0.002
2007 150 00 00 00.000    0.409  360.307   -0.002
2007 155 00 00 00.000    0.411  360.531   -0.002
2007 160 00 00 00.000    0.418  360.886   -0.001
2007 165 00 00 00.000    0.428  361.039   -0.001
2007 170 00 00 00.000    0.441  361.409   -0.000
2007 175 00 00 00.000    0.439  361.301   -0.002
2007 180 00 00 00.000    0.436  361.445   -0.001
2007 185 00 00 00.000    0.435  361.331   -0.001
2007 190 00 00 00.000    0.437  361.748   -0.003
2007 195 00 00 00.000    0.434  361.877   -0.002
2007 200 00 00 00.000    0.430  361.728   -0.001
2007 205 00 00 00.000    0.431  362.131   -0.002
2007 210 00 00 00.000    0.425  361.996   -0.002
2007 215 00 00 00.000    0.421  362.267   -0.002
2007 220 00 00 00.000    0.417  362.158   -0.001
2007 225 00 00 00.000    0.418  362.486   -0.003
2007 230 00 00 00.000    0.416  362.474   -0.004
2007 235 00 00 00.000    0.412  362.397   -0.002
2007 240 00 00 00.000    0.405  362.236   -0.002
2007 245 00 00 00.000    0.396  362.206   -0.003
2007 250 00 00 00.000    0.391  362.205   -0.003
2007 255 00 00 00.000    0.387  362.237   -0.003
2007 260 00 00 00.000    0.384  362.086   -0.002
2007 265 00 00 00.000    0.381  361.646   -0.003
2007 270 00 00 00.000    0.379  361.105   -0.002
2007 275 00 00 00.000    0.374  360.697   -0.004
2007 280 00 00 00.000    0.371  361.036   -0.002
2007 285 00 00 00.000    0.374  361.548   -0.004
2007 290 00 00 00.000    0.380  360.990   -0.003
2007 295 00 00 00.000    0.384  360.752   -0.003
2007 300 00 00 00.000    0.390  359.680   -0.003
2007 305 00 00 00.000    0.392  359.297   -0.004
2007 310 00 00 00.000    0.395  358.670   -0.002
2007 315 00 00 00.000    0.396  358.470   -0.002
2007 320 00 00 00.000    0.400  357.792   -0.002
2007 325 00 00 00.000    0.405  357.720   -0.002
2007 330 00 00 00.000    0.412  356.792   -0.001
2007 335 00 00 00.000    0.418  356.328   -0.002
2007 340 00 00 00.000    0.424  355.560   -0.000
2007 345 00 00 00.000    0.428  355.656   -0.000
2007 350 00 00 00.000    0.432  355.442   -0.001
2007 355 00 00 00.000    0.435  354.719   -0.000
2007 360 00 00 00.000    0.437  354.290    0.000
2007 365 00 00 00.000    0.437  353.955   -0.002
2008 005 00 00 00.000    0.438  353.619   -0.001
2008 010 00 00 00.000    0.435  352.816    0.000
2008 015 00 00 00.000    0.424  352.675   -0.000
2008 020 00 00 00.000    0.421  352.136   -0.000
2008 025 00 00 00.000    0.416  351.895   -0.000
2008 030 00 00 00.000    0.406  351.850    0.000
2008 035 00 00 00.000    0.398  351.516   -0.000
2008 040 00 00 00.000    0.380  351.512   -0.000
2008 045 00 00 00.000    0.362  351.464    0.000
2008 050 00 00 00.000    0.348  351.412    0.000
2008 055 00 00 00.000    0.339  351.620   -0.001
2008 060 00 00 00.000    0.326  351.686   -0.001
2008 065 00 00 00.000    0.315  351.994   -0.001
2008 070 00 00 00.000    0.302  352.275   -0.002
2008 075 00 00 00.000    0.291  352.634   -0.001
2008 080 00 00 00.000    0.280  353.071   -0.001
2008 085 00 00 00.000    0.269  353.604   -0.001
2008 090 00 00 00.000    0.258  354.215   -0.001
2008 095 00 00 00.000    0.248  354.908    0.000
2008 100 00 00 00.000    0.240  355.675   -0.000
2008 105 00 00 00.000    0.231  356.526    0.000
2008 110 00 00 00.000    0.225  357.538   -0.001
2008 115 00 00 00.000    0.220  358.400   -0.000
2008 120 00 00 00.000    0.216  359.028    0.000
2008 125 00 00 00.000    0.213  359.401   -0.000
2008 130 00 00 00.000    0.212  359.774   -0.000
2008 135 00 00 00.000    0.212  360.028   -0.000
2008 140 00 00 00.000    0.212  360.231    0.000
2008 145 00 00 00.000    0.213  360.298   -0.001
2008 150 00 00 00.000    0.215  360.414    0.000
2008 155 00 00 00.000    0.217  360.725   -0.001
2008 160 00 00 00.000    0.220  360.736   -0.001
2008 165 00 00 00.000    0.223  360.382   -0.000
2008 170 00 00 00.000    0.225  360.776   -0.001
2008 175 00 00 00.000    0.227  360.424   -0.001
2008 180 00 00 00.000    0.228  360.568   -0.000
2008 185 00 00 00.000    0.230  360.216   -0.001
2008 190 00 00 00.000    0.231  360.241   -0.001
2008 195 00 00 00.000    0.232  359.756   -0.001
2008 200 00 00 00.000    0.232  359.856   -0.001
2008 205 00 00 00.000    0.232  359.177   -0.000
2008 210 00 00 00.000    0.232  359.170    0.001
2008 215 00 00 00.000    0.233  358.394   -0.000
2008 220 00 00 00.000    0.231  358.026   -0.001
2008 225 00 00 00.000    0.231  357.685   -0.000
2008 230 00 00 00.000    0.230  357.255   -0.001
2008 235 00 00 00.000    0.230  357.125   -0.002
2008 240 00 00 00.000    0.229  356.655   -0.000
2008 245 00 00 00.000    0.227  356.663   -0.001
2008 250 00 00 00.000    0.226  356.352   -0.001
2008 255 00 00 00.000    0.225  356.443   -0.002
2008 260 00 00 00.000    0.223  356.329   -0.002
2008 265 00 00 00.000    0.223  356.599   -0.001
2008 270 00 00 00.000    0.221  356.713   -0.002
2008 275 00 00 00.000    0.220  357.187   -0.002
2008 280 00 00 00.000    0.221  357.705   -0.002
2008 285 00 00 00.000    0.221  358.211   -0.003
2008 290 00 00 00.000    0.222  359.003   -0.002
2008 295 00 00 00.000    0.224  359.844   -0.000
2008 300 00 00 00.000    0.226  360.757   -0.001
2008 305 00 00 00.000    0.229  361.744   -0.002
2008 310 00 00 00.000    0.231  362.764   -0.001
2008 315 00 00 00.000    0.235  363.873   -0.001
2008 320 00 00 00.000    0.241  364.870   -0.000
2008 325 00 00 00.000    0.248  365.942   -0.000
2008 330 00 00 00.000    0.252  366.942   -0.000
2008 335 00 00 00.000    0.256  367.937   -0.002
2008 340 00 00 00.000    0.260  368.833   -0.001
2008 345 00 00 00.000    0.264  369.440    0.000
2008 350 00 00 00.000    0.267  370.051   -0.001
2008 355 00 00 00.000    0.270  370.626   -0.001
2008 360 00 00 00.000    0.272  371.081   -0.001
2008 365 00 00 00.000    0.274  371.643   -0.001
2009 004 00 00 00.000    0.277  372.079   -0.001
2009 009 00 00 00.000    0.280  372.388    0.000
2009 014 00 00 00.000    0.281  372.597   -0.002
2009 019 00 00 00.000    0.282  372.713   -0.000
2009 024 00 00 00.000    0.282  372.786    0.000
2009 029 00 00 00.000    0.282  372.971   -0.001
2009 034 00 00 00.000    0.280  373.111    0.001
2009 039 00 00 00.000    0.279  373.133   -0.001
2009 044 00 00 00.000    0.277  373.197    0.000
2009 049 00 00 00.000    0.274  373.046   -0.001
2009 054 00 00 00.000    0.272  372.998   -0.001
2009 059 00 00 00.000    0.268  372.725   -0.001
2009 064 00 00 00.000    0.263  372.471   -0.001
2009 069 00 00 00.000    0.258  372.238   -0.002
2009 074 00 00 00.000    0.254  372.057   -0.000
2009 079 00 00 00.000    0.250  371.986   -0.002
2009 084 00 00 00.000    0.246  371.983   -0.002
2009 089 00 00 00.000    0.242  371.912   -0.001
2009 094 00 00 00.000    0.239  371.875   -0.001
2009 099 00 00 00.000    0.236  371.723   -0.002
2009 104 00 00 00.000    0.233  371.535   -0.001
2009 109 00 00 00.000    0.228  371.162   -0.000
2009 114 00 00 00.000    0.225  370.842   -0.001
2009 119 00 00 00.000    0.221  370.375   -0.000
2009 124 00 00 00.000    0.218  369.911   -0.001
2009 129 00 00 00.000    0.216  369.296    0.000
2009 134 00 00 00.000    0.213  368.751   -0.000
2009 139 00 00 00.000    0.211  368.098   -0.001
2009 144 00 00 00.000    0.209  367.256   -0.001
2009 149 00 00 00.000    0.207  366.424   -0.001
2009 154 00 00 00.000    0.204  365.553   -0.000
2009 159 00 00 00.000    0.202  364.061   -0.000
2009 164 00 00 00.000    0.199  362.810   -0.000
2009 169 00 00 00.000    0.196  361.333   -0.001
2009 174 00 00 00.000    0.193  359.272   -0.001
2009 179 00 00 00.000    0.191  357.650    0.000
2009 184 00 00 00.000    0.189  355.536   -0.001
2009 189 00 00 00.000    0.187  353.615   -0.001
2009 194 00 00 00.000    0.184  351.643    0.000
2009 199 00 00 00.000    0.181  349.799   -0.001
2009 204 00 00 00.000    0.182  347.964   -0.001
2009 209 00 00 00.000    0.184  346.139   -0.001
2009 214 00 00 00.000    0.187  344.615    0.000
2009 219 00 00 00.000    0.190  343.395   -0.002
2009 224 00 00 00.000    0.194  342.212   -0.001
2009 229 00 00 00.000    0.199  341.332   -0.000
2009 234 00 00 00.000    0.205  340.445    0.000
2009 239 00 00 00.000    0.212  339.819    0.001
2009 244 00 00 00.000    0.218  339.280    0.000
2009 249 00 00 00.000    0.223  338.951   -0.000
2009 254 00 00 00.000    0.228  338.788   -0.000
2009 259 00 00 00.000    0.233  338.791   -0.001
2009 264 00 00 00.000    0.237  338.794   -0.001
2009 269 00 00 00.000    0.241  338.924    0.000
2009 274 00 00 00.000    0.244  339.017    0.001
2009 279 00 00 00.000    0.248  339.130    0.000
2009 284 00 00 00.000    0.250  339.401    0.000
2009 289 00 00 00.000    0.249  339.527    0.000
