t20040080000.u00
t20040080100.u00
t20040080200.u00
t20040080300.u00
t20040080400.u00
t20040080500.u00
t20040080600.u00
t20040080700.u00
t20040080800.u00
t20040080900.u00
t20040081000.u00
t20040081100.u00
t20040081200.u00
t20040081300.u00
t20040081400.u00
t20040081500.u00
t20040081600.u00
t20040081700.u00
t20040081800.u00
t20040081900.u00
t20040082000.u00
t20040082100.u00
t20040082200.u00
t20040082300.u00
t20040080000.u00
Cmeander(), ver 3.2 i/o 579, decomp. 110/110 with 0 errors and 0 warnings
t20040080100.u00
Cmeander(), ver 3.2 i/o 574, decomp. 108/108 with 0 errors and 0 warnings
t20040080200.u00
Cmeander(), ver 3.2 i/o 452, decomp. 112/112 with 0 errors and 0 warnings
t20040080300.u00
HFR anl  568F3033.8131  0x317 (7) 0x52  Decomp...Zero Filled,Data N.T.
Cmeander(), ver 3.2 i/o 406, decomp. 101/101 with 0 errors and 1 warnings
t20040080400.u00
Cmeander(), ver 3.2 i/o 742, decomp. 110/110 with 0 errors and 0 warnings
t20040080500.u00
Cmeander(), ver 3.2 i/o 447, decomp. 111/111 with 0 errors and 0 warnings
t20040080600.u00
Cmeander(), ver 3.2 i/o 747, decomp. 110/110 with 0 errors and 0 warnings
t20040080700.u00
HFR anl  568F6833.4031  0x317 (7) 0x12C Decomp...Zero Filled,Data N.T.
HFR anl  568F6853.4231  0x317 (7) 0x20E Decomp...Zero Filled,Data N.T.
HFR anl  568F69F3.4F31  0x317 (7) 0x30A Decomp...Zero Filled,Data N.T.
HFR anl  568F6B20.5831  0x317 (7) 0x310 Decomp...Zero Filled,Data N.T.
HFR anl  568F6BB3.5D31  0x317 (7) 0x48  Decomp...Zero Filled,
HFR anl  568F6BE0.5E31  0x317 (7) 0x4D  Decomp...Zero Filled,Data N.T.
HFR anl  568F6C93.6431  0x317 (7) 0x7E  Decomp...Zero Filled,
Cmeander(), ver 3.2 i/o 416, decomp. 104/104 with 0 errors and 7 warnings
t20040080800.u00
