HFR anl  568F3033.8131  0x317 00E88000
WBR lb   568F3E9D.F4EA  0x807 0080D400
WBR lb   568F5ABE.D5E8  0x807 0080D100
WBR lb   568F5ABE.D5EA  0x807 0080D400
LFDR     568F6833.4003   0x23 00808004
HFR anl  568F6833.4031  0x317 00E88004
HFR anl  568F6853.4231  0x317 00E88000
HFR anl  568F69F3.4F31  0x317 00E88000
MFDR     568F6A93.5303   0x23 00808004
HFR anl  568F6A93.5331  0x317 00C08004
MFR nrm  568F6A93.5300  0x104 00808004
MFR nrm  568F6AD3.5500   0xFE 00808004
MFR nrm  568F6B00.5600   0xF4 00808004
LFDR     568F6B20.5803   0x23 00808004
LFDR     568F6B20.5803   0x23 00808004
HFR anl  568F6B20.5831  0x317 00E88004
MFR nrm  568F6BB3.5C00   0xE2 00808004
MFDR     568F6BB3.5D03   0x23 00808004
MFDR     568F6BB3.5D03   0x23 00808004
HFR anl  568F6BB3.5D31  0x317 00C88004
MFR nrm  568F6BE0.5D00   0xE2 00808004
LFDR     568F6BE0.5E03   0x23 00808004
LFDR     568F6BE0.5E03   0x23 00808004
HFR anl  568F6BE0.5E31  0x317 00E88004
MFR nrm  568F6C93.6300   0xE2 00808004
LFDR     568F6C93.6403   0x23 00808004
LFDR     568F6C93.6403   0x23 00808004
HFR anl  568F6C93.6431  0x317 00C88004
MFR nrm  568F7B13.D700   0xE2 00808004
LFDR     568F7B13.D803   0x23 00808004
LFDR     568F7B13.D803   0x23 00808004
HFR anl  568F7B13.D831  0x317 00C88004
LFDR     568F7B6D.DA03   0x23 00808004
LFDR     568F7B6D.DA03   0x23 00808004
HFR anl  568F7B6D.DA31  0x317 00C08004
MFR nrm  568F7B6D.DA00   0xE2 00808004
MFDR     568F7B6D.DB03   0x23 00808004
MFR nrm  568F7BB3.DC00   0xE2 00808004
MFDR     568F7BB3.DD03   0x23 00808004
MFDR     568F7BB3.DD03   0x23 00808004
MFR nrm  568F7C00.DE00   0xE2 00808004
MFDR     568F7C00.DF03   0x23 00808004
MFDR     568F7C00.DF03   0x23 00808004
HFR anl  568F7C00.DF31  0x317 00E88004
MFR nrm  568F7C93.E300   0xE2 00808004
LFDR     568F7C93.E403   0x23 00808004
LFDR     568F7C93.E403   0x23 00808004
HFR anl  568F7C93.E431  0x317 00C88004
MFR nrm  568F7CB3.E400   0xE2 00808004
MFDR     568F7CB3.E503   0x23 00808004
MFDR     568F7CB3.E503   0x23 00808004
HFR anl  568F7CB3.E531  0x317 00C88004
MFR nrm  568F7D73.EA00   0xE2 00808004
MFDR     568F7D73.EB03   0x23 00808004
MFDR     568F7D73.EB03   0x23 00808004
HFR anl  568F7D73.EB31  0x317 00C88004
MFR nrm  568F7DA0.EB00   0xE2 00808004
LFDR     568F7DA0.EC03   0x23 00808004
LFDR     568F7DA0.EC03   0x23 00808004
HFR anl  568F7DA0.EC31  0x317 00E88004
MFR nrm  568F7EF3.F600   0xE2 00808004
MFDR     568F7EF3.F703   0x23 00808004
MFDR     568F7EF3.F703   0x23 00808004
HFR anl  568F7EF3.F731  0x317 00C88004
MFR nrm  568F7F13.F700   0xE2 00808004
LFDR     568F7F13.F803   0x23 00808004
LFDR     568F7F13.F803   0x23 00808004
HFR anl  568F7F13.F831  0x317 00C88004
WBR lb   568F76DC.B6E5  0x807 0080D400
MFR nrm  568F7FF3.FE00   0xE2 00808004
MFDR     568F7FF3.FF03   0x23 00808004
MFDR     568F7FF3.FF03   0x23 00808004
HFR anl  568F7FF3.FF31  0x317 00C88004
LFDR     568F8073.0203   0x23 00808004
HFR anl  568F8073.0231  0x317 00C08004
MFR nrm  568F8073.0200  0x188 00808004
MFR nrm  568F80B3.0400   0xE2 00808004
MFDR     568F80B3.0503   0x23 00808004
MFDR     568F80B3.0503   0x23 00808004
HFR anl  568F80B3.0531  0x317 00C88004
HFR anl  568F8133.0931  0x317 00E88000
MFR nrm  568F8193.0B00   0xE2 00808004
LFDR     568F8193.0C03   0x23 00808004
MFR nrm  568F8EB3.7400   0xE2 00808004
MFDR     568F8EB3.7503   0x23 00808004
MFDR     568F8EB3.7503   0x23 00808004
HFR anl  568F8EB3.7531  0x317 00C88004
MFR nrm  568F8F93.7B00   0xE2 00808004
LFDR     568F8F93.7C03   0x23 00808004
LFDR     568F8F93.7C03   0x23 00808004
HFR anl  568F8F93.7C31  0x317 00C88004
MFDR     568F90D3.8503   0x23 00808004
MFDR     568F90D3.8503   0x23 00808004
HFR anl  568F90D3.8531  0x317 00C08004
MFR nrm  568F90D3.8500  0x104 00808004
MFR nrm  568F9113.8700  0x16E 00808004
MFDR     568F918A.8B03   0x23 00808004
MFDR     568F918A.8B03   0x23 00808004
HFR anl  568F918A.8B31  0x317 00E88004
MFR nrm  568F91F3.8E00   0xE2 00808004
MFDR     568F91F3.8F03   0x23 00808004
MFDR     568F91F3.8F03   0x23 00808004
HFR anl  568F91F3.8F31  0x317 00C88004
MFR nrm  568F92B3.9400   0xEC 00808004
MFR nrm  568F92D3.9500   0xE2 00808004
LFDR     568F92D3.9603   0x23 00808004
LFDR     568F92D3.9603   0x23 00808004
HFR anl  568F92D3.9631  0x317 00C88004
LFDR     568F9325.9803   0x23 00808004
LFDR     568F9325.9803   0x23 00808004
HFR anl  568F9325.9831  0x20D 0080D604
HFR anl  568F9353.9A31  0x317 00E88000
HFR anl  568F9413.A031  0x317 00E88000
MFR nrm  568F9473.A200   0xE2 00808004
MFDR     568F9473.A303   0x23 00808004
MFDR     568F9473.A303   0x23 00808004
HFR anl  568F9473.A331  0x317 00C88004
HFR anl  568F9513.A831  0x317 00E88000
WBR lb   568FD370.9B80  0x807 0080D400
WBR lb   568FE3D8.1EBF  0x807 0080D400
WBR lb   569004A8.2540  0x807 0080D400
WBR lb   56902578.2BBF  0x807 0080D400
WBR lb   569035E0.AEFF  0x807 0080D400
HFR anl  56903B13.D831  0x317 00E88000
WBR lb   56904648.3240  0x807 0080D400
mperr(), ver 0.1 read 579, errors 0
mperr(), ver 0.1 read 574, errors 0
mperr(), ver 0.1 read 452, errors 0
HFR anl  568F3033.8131  0x317 00E88000 
mperr(), ver 0.1 read 406, errors 1
WBR hb   568F3E9D.F4EA  0x807 0080D400 
mperr(), ver 0.1 read 742, errors 1
mperr(), ver 0.1 read 447, errors 0
WBR hb   568F5ABE.D5E8  0x807 0080D100 
WBR hb   568F5ABE.D5EA  0x807 0080D400 
mperr(), ver 0.1 read 747, errors 2
LFDR     568F6833.4003   0x23 00808004 
HFR anl  568F6833.4031  0x317 00E88004 
HFR anl  568F6853.4231  0x317 00E88000 
HFR anl  568F69F3.4F31  0x317 00E88000 
MFDR     568F6A93.5303   0x23 00808004 
HFR anl  568F6A93.5331  0x317 00C08004 
MFR nrm  568F6A93.5300  0x104 00808004 
MFR nrm  568F6AD3.5500   0xFE 00808004 
MFR nrm  568F6B00.5600   0xF4 00808004 
LFDR     568F6B20.5803   0x23 00808004 
LFDR     568F6B20.5803   0x23 00808004 
HFR anl  568F6B20.5831  0x317 00E88004 
MFR nrm  568F6BB3.5C00   0xE2 00808004 
MFDR     568F6BB3.5D03   0x23 00808004 
MFDR     568F6BB3.5D03   0x23 00808004 
HFR anl  568F6BB3.5D31  0x317 00C88004 
MFR nrm  568F6BE0.5D00   0xE2 00808004 
LFDR     568F6BE0.5E03   0x23 00808004 
LFDR     568F6BE0.5E03   0x23 00808004 
HFR anl  568F6BE0.5E31  0x317 00E88004 
MFR nrm  568F6C93.6300   0xE2 00808004 
LFDR     568F6C93.6403   0x23 00808004 
LFDR     568F6C93.6403   0x23 00808004 
HFR anl  568F6C93.6431  0x317 00C88004 
mperr(), ver 0.1 read 416, errors 24
