t20040080000.u00
t20040080100.u00
t20040080200.u00
t20040080300.u00
t20040080400.u00
mpus(), Version 8.9
  libCasTlm.a version 2.7 on May 18 2004 @ 15:54:00
mpus(), Version 8.9
  libCasTlm.a version 2.7 on May 18 2004 @ 15:54:00
mpus(), Version 8.9
  libCasTlm.a version 2.7 on May 18 2004 @ 15:54:00
mpus(), Version 8.9
  libCasTlm.a version 2.7 on May 18 2004 @ 15:54:00
mpus(), Version 8.9
  libCasTlm.a version 2.7 on May 18 2004 @ 15:54:00
t20040080500.u00
mpus(), Version 8.9
  libCasTlm.a version 2.7 on May 18 2004 @ 15:54:00
t20040080600.u00
mpus(), Version 8.9
  libCasTlm.a version 2.7 on May 18 2004 @ 15:54:00
t20040080700.u00
mpus(), Version 8.9
  libCasTlm.a version 2.7 on May 18 2004 @ 15:54:00
t20040080800.u00
mpus(), Version 8.9
  libCasTlm.a version 2.7 on May 18 2004 @ 15:54:00
t20040080900.u00
mpus(), Version 8.9
  libCasTlm.a version 2.7 on May 18 2004 @ 15:54:00
t20040081000.u00
t20040081100.u00
mpus(), Version 8.9
  libCasTlm.a version 2.7 on May 18 2004 @ 15:54:00
mpus(), Version 8.9
  libCasTlm.a version 2.7 on May 18 2004 @ 15:54:00
t20040081200.u00
mpus(), Version 8.9
  libCasTlm.a version 2.7 on May 18 2004 @ 15:54:00
t20040081300.u00
mpus(), Version 8.9
  libCasTlm.a version 2.7 on May 18 2004 @ 15:54:00
t20040081400.u00
mpus(), Version 8.9
  libCasTlm.a version 2.7 on May 18 2004 @ 15:54:00
t20040081500.u00
mpus(), Version 8.9
  libCasTlm.a version 2.7 on May 18 2004 @ 15:54:00
t20040081600.u00
mpus(), Version 8.9
  libCasTlm.a version 2.7 on May 18 2004 @ 15:54:00
t20040081700.u00
mpus(), Version 8.9
  libCasTlm.a version 2.7 on May 18 2004 @ 15:54:00
t20040081800.u00
mpus(), Version 8.9
  libCasTlm.a version 2.7 on May 18 2004 @ 15:54:00
t20040081900.u00
mpus(), Version 8.9
  libCasTlm.a version 2.7 on May 18 2004 @ 15:54:00
t20040082000.u00
mpus(), Version 8.9
  libCasTlm.a version 2.7 on May 18 2004 @ 15:54:00
t20040082100.u00
mpus(), Version 8.9
  libCasTlm.a version 2.7 on May 18 2004 @ 15:54:00
t20040082200.u00
mpus(), Version 8.9
  libCasTlm.a version 2.7 on May 18 2004 @ 15:54:00
t20040082300.u00
mpus(), Version 8.9
  libCasTlm.a version 2.7 on May 18 2004 @ 15:54:00
t20040080000.u00
mpus(), Version 8.9
  libCasTlm.a version 2.7 on May 18 2004 @ 15:54:00
mpus(), Version 8.9: InPkt=720, OutPkt=579 :: 0 warnings and 0 errors
t20040080100.u00
mpus(), Version 8.9
  libCasTlm.a version 2.7 on May 18 2004 @ 15:54:00
mpus(), Version 8.9: InPkt=715, OutPkt=574 :: 0 warnings and 0 errors
t20040080200.u00
mpus(), Version 8.9
  libCasTlm.a version 2.7 on May 18 2004 @ 15:54:00
mpus(), Version 8.9: InPkt=453, OutPkt=452 :: 0 warnings and 0 errors
t20040080300.u00
mpus(), Version 8.9
  libCasTlm.a version 2.7 on May 18 2004 @ 15:54:00
mpus(), Version 8.9: InPkt=406, OutPkt=406 :: 0 warnings and 0 errors
t20040080400.u00
mpus(), Version 8.9
  libCasTlm.a version 2.7 on May 18 2004 @ 15:54:00
WBR lb   568F3E9D.F4EA  0x807 zero filled, missing last..segments
mpus(), Version 8.9: InPkt=1045, OutPkt=742 :: 1 warnings and 0 errors
t20040080500.u00
mpus(), Version 8.9
  libCasTlm.a version 2.7 on May 18 2004 @ 15:54:00
mpus(), Version 8.9: InPkt=447, OutPkt=447 :: 0 warnings and 0 errors
t20040080600.u00
mpus(), Version 8.9
  libCasTlm.a version 2.7 on May 18 2004 @ 15:54:00
WBR lb   568F5ABE.D5E8  0x807 zero filled, missing first..segments
WBR lb   568F5ABE.D5EA  0x807 zero filled, missing last..segments
mpus(), Version 8.9: InPkt=1054, OutPkt=747 :: 2 warnings and 0 errors
t20040080700.u00
mpus(), Version 8.9
  libCasTlm.a version 2.7 on May 18 2004 @ 15:54:00
mpus(), Version 8.9: InPkt=417, OutPkt=416 :: 0 warnings and 0 errors
t20040080800.u00
mpus(), Version 8.9
  libCasTlm.a version 2.7 on May 18 2004 @ 15:54:00
